<?xml version="1.0" encoding="UTF-8"?>
<!-- Generated by org.testng.reporters.JUnitReportReporter -->
<testsuite name="com.example.NewTest" tests="12" time="5.053" ignored="1" failures="1" timestamp="04 Aug 2021 17:19:37 GMT" skipped="0" hostname="LP-PF2B8HXW" errors="1">
  <testcase name="add" time="0.000" classname="com.example.NewTest"/>
  <testcase name="bc" time="0.000" classname="com.example.NewTest"/>
  <testcase name="f" time="0.000" classname="com.example.NewTest"/>
  <testcase name="add" time="0.000" classname="com.example.NewTest">
    <failure type="java.lang.AssertionError" message="expected [60] but found [100]">
      <![CDATA[java.lang.AssertionError: expected [60] but found [100]
	at org.testng.Assert.fail(Assert.java:94)
	at org.testng.Assert.failNotEquals(Assert.java:513)
	at org.testng.Assert.assertEqualsImpl(Assert.java:135)
	at org.testng.Assert.assertEquals(Assert.java:116)
	at org.testng.Assert.assertEquals(Assert.java:389)
	at org.testng.Assert.assertEquals(Assert.java:399)
	at com.example.NewTest.add(NewTest.java:20)
	at sun.reflect.NativeMethodAccessorImpl.invoke0(Native Method)
	at sun.reflect.NativeMethodAccessorImpl.invoke(Unknown Source)
	at sun.reflect.DelegatingMethodAccessorImpl.invoke(Unknown Source)
	at java.lang.reflect.Method.invoke(Unknown Source)
	at org.testng.internal.MethodInvocationHelper.invokeMethod(MethodInvocationHelper.java:104)
	at org.testng.internal.Invoker.invokeMethod(Invoker.java:645)
	at org.testng.internal.Invoker.invokeTestMethod(Invoker.java:851)
	at org.testng.internal.Invoker.invokeTestMethods(Invoker.java:1177)
	at org.testng.internal.TestMethodWorker.invokeTestMethods(TestMethodWorker.java:129)
	at org.testng.internal.TestMethodWorker.run(TestMethodWorker.java:112)
	at org.testng.TestRunner.privateRun(TestRunner.java:756)
	at org.testng.TestRunner.run(TestRunner.java:610)
	at org.testng.SuiteRunner.runTest(SuiteRunner.java:387)
	at org.testng.SuiteRunner.runSequentially(SuiteRunner.java:382)
	at org.testng.SuiteRunner.privateRun(SuiteRunner.java:340)
	at org.testng.SuiteRunner.run(SuiteRunner.java:289)
	at org.testng.SuiteRunnerWorker.runSuite(SuiteRunnerWorker.java:52)
	at org.testng.SuiteRunnerWorker.run(SuiteRunnerWorker.java:86)
	at org.testng.TestNG.runSuitesSequentially(TestNG.java:1293)
	at org.testng.TestNG.runSuitesLocally(TestNG.java:1218)
	at org.testng.TestNG.runSuites(TestNG.java:1133)
	at org.testng.TestNG.run(TestNG.java:1104)
	at org.testng.remote.AbstractRemoteTestNG.run(AbstractRemoteTestNG.java:114)
	at org.testng.remote.RemoteTestNG.initAndRun(RemoteTestNG.java:251)
	at org.testng.remote.RemoteTestNG.main(RemoteTestNG.java:77)
]]>
    </failure>
  </testcase> <!-- add -->
  <testcase name="timout" time="5.021" classname="com.example.NewTest">
    <error type="org.testng.internal.thread.ThreadTimeoutException" message="Method com.example.NewTest.timout() didn&#039;t finish within the time-out 5000">
      <![CDATA[org.testng.internal.thread.ThreadTimeoutException: Method com.example.NewTest.timout() didn't finish within the time-out 5000
	at sun.misc.Unsafe.compareAndSwapInt(Native Method)
	at java.util.concurrent.atomic.AtomicInteger.compareAndSet(Unknown Source)
	at java.util.concurrent.ThreadPoolExecutor.compareAndDecrementWorkerCount(Unknown Source)
	at java.util.concurrent.ThreadPoolExecutor.decrementWorkerCount(Unknown Source)
	at java.util.concurrent.ThreadPoolExecutor.getTask(Unknown Source)
	at java.util.concurrent.ThreadPoolExecutor.runWorker(Unknown Source)
	at java.util.concurrent.ThreadPoolExecutor$Worker.run(Unknown Source)
	at java.lang.Thread.run(Unknown Source)
]]>
    </error>
  </testcase> <!-- timout -->
  <testcase name="c" time="0.000" classname="com.example.NewTest"/>
  <testcase name="add" time="0.016" classname="com.example.NewTest"/>
  <testcase name="b" time="0.000" classname="com.example.NewTest"/>
  <testcase name="add" time="0.000" classname="com.example.NewTest"/>
  <testcase name="d" time="0.000" classname="com.example.NewTest"/>
  <testcase name="cd" time="0.016" classname="com.example.NewTest"/>
  <testcase name="a" time="0.000" classname="com.example.NewTest"/>
  <testcase name="ab" classname="com.example.NewTest">
    <skipped/>
  </testcase> <!-- ab -->
</testsuite> <!-- com.example.NewTest -->
